{
  "C:/Учеба/RSSchool/REACT/Components/Components/vite-project/src/components/appHeader/AppHeader.tsx": {
    "path": "C:/Учеба/RSSchool/REACT/Components/Components/vite-project/src/components/appHeader/AppHeader.tsx",
    "statementMap": {
      "0": {
        "start": {
          "line": 5,
          "column": 0
        },
        "end": {
          "line": 15,
          "column": 1
        }
      },
      "1": {
        "start": {
          "line": 6,
          "column": 2
        },
        "end": {
          "line": 8,
          "column": 3
        }
      },
      "2": {
        "start": {
          "line": 7,
          "column": 4
        },
        "end": {
          "line": 7,
          "column": 165
        }
      },
      "3": {
        "start": {
          "line": 9,
          "column": 2
        },
        "end": {
          "line": 9,
          "column": 39
        }
      },
      "4": {
        "start": {
          "line": 10,
          "column": 2
        },
        "end": {
          "line": 10,
          "column": 39
        }
      },
      "5": {
        "start": {
          "line": 11,
          "column": 2
        },
        "end": {
          "line": 13,
          "column": 4
        }
      },
      "6": {
        "start": {
          "line": 12,
          "column": 4
        },
        "end": {
          "line": 12,
          "column": 141
        }
      },
      "7": {
        "start": {
          "line": 14,
          "column": 2
        },
        "end": {
          "line": 14,
          "column": 75
        }
      },
      "8": {
        "start": {
          "line": 16,
          "column": 9
        },
        "end": {
          "line": 16,
          "column": 23
        }
      },
      "9": {
        "start": {
          "line": 20,
          "column": 18
        },
        "end": {
          "line": 94,
          "column": 1
        }
      },
      "10": {
        "start": {
          "line": 21,
          "column": 2
        },
        "end": {
          "line": 21,
          "column": 7
        }
      },
      "11": {
        "start": {
          "line": 22,
          "column": 19
        },
        "end": {
          "line": 22,
          "column": 32
        }
      },
      "12": {
        "start": {
          "line": 23,
          "column": 19
        },
        "end": {
          "line": 23,
          "column": 36
        }
      },
      "13": {
        "start": {
          "line": 24,
          "column": 18
        },
        "end": {
          "line": 26,
          "column": 25
        }
      },
      "14": {
        "start": {
          "line": 25,
          "column": 4
        },
        "end": {
          "line": 25,
          "column": 82
        }
      },
      "15": {
        "start": {
          "line": 27,
          "column": 26
        },
        "end": {
          "line": 27,
          "column": 53
        }
      },
      "16": {
        "start": {
          "line": 28,
          "column": 2
        },
        "end": {
          "line": 30,
          "column": 26
        }
      },
      "17": {
        "start": {
          "line": 29,
          "column": 4
        },
        "end": {
          "line": 29,
          "column": 31
        }
      },
      "18": {
        "start": {
          "line": 31,
          "column": 2
        },
        "end": {
          "line": 93,
          "column": 11
        }
      },
      "19": {
        "start": {
          "line": 43,
          "column": 13
        },
        "end": {
          "line": 45,
          "column": 7
        }
      },
      "20": {
        "start": {
          "line": 56,
          "column": 13
        },
        "end": {
          "line": 58,
          "column": 7
        }
      },
      "21": {
        "start": {
          "line": 69,
          "column": 13
        },
        "end": {
          "line": 71,
          "column": 7
        }
      },
      "22": {
        "start": {
          "line": 95,
          "column": 0
        },
        "end": {
          "line": 97,
          "column": 3
        }
      },
      "23": {
        "start": {
          "line": 96,
          "column": 2
        },
        "end": {
          "line": 96,
          "column": 23
        }
      },
      "24": {
        "start": {
          "line": 98,
          "column": 0
        },
        "end": {
          "line": 98,
          "column": 15
        }
      },
      "25": {
        "start": {
          "line": 101,
          "column": 0
        },
        "end": {
          "line": 101,
          "column": 30
        }
      },
      "26": {
        "start": {
          "line": 102,
          "column": 0
        },
        "end": {
          "line": 118,
          "column": 1
        }
      },
      "27": {
        "start": {
          "line": 103,
          "column": 2
        },
        "end": {
          "line": 103,
          "column": 39
        }
      },
      "28": {
        "start": {
          "line": 104,
          "column": 2
        },
        "end": {
          "line": 104,
          "column": 39
        }
      },
      "29": {
        "start": {
          "line": 105,
          "column": 2
        },
        "end": {
          "line": 117,
          "column": 5
        }
      },
      "30": {
        "start": {
          "line": 109,
          "column": 4
        },
        "end": {
          "line": 109,
          "column": 167
        }
      },
      "31": {
        "start": {
          "line": 110,
          "column": 4
        },
        "end": {
          "line": 116,
          "column": 7
        }
      },
      "32": {
        "start": {
          "line": 111,
          "column": 6
        },
        "end": {
          "line": 112,
          "column": 15
        }
      },
      "33": {
        "start": {
          "line": 112,
          "column": 8
        },
        "end": {
          "line": 112,
          "column": 15
        }
      },
      "34": {
        "start": {
          "line": 113,
          "column": 32
        },
        "end": {
          "line": 113,
          "column": 115
        }
      },
      "35": {
        "start": {
          "line": 114,
          "column": 6
        },
        "end": {
          "line": 115,
          "column": 54
        }
      },
      "36": {
        "start": {
          "line": 115,
          "column": 8
        },
        "end": {
          "line": 115,
          "column": 54
        }
      }
    },
    "fnMap": {
      "0": {
        "name": "(anonymous_0)",
        "decl": {
          "start": {
            "line": 11,
            "column": 24
          },
          "end": {
            "line": 11,
            "column": 25
          }
        },
        "loc": {
          "start": {
            "line": 11,
            "column": 38
          },
          "end": {
            "line": 13,
            "column": 3
          }
        },
        "line": 11
      },
      "1": {
        "name": "(anonymous_1)",
        "decl": {
          "start": {
            "line": 20,
            "column": 18
          },
          "end": {
            "line": 20,
            "column": 19
          }
        },
        "loc": {
          "start": {
            "line": 20,
            "column": 24
          },
          "end": {
            "line": 94,
            "column": 1
          }
        },
        "line": 20
      },
      "2": {
        "name": "(anonymous_2)",
        "decl": {
          "start": {
            "line": 24,
            "column": 30
          },
          "end": {
            "line": 24,
            "column": 31
          }
        },
        "loc": {
          "start": {
            "line": 24,
            "column": 45
          },
          "end": {
            "line": 26,
            "column": 3
          }
        },
        "line": 24
      },
      "3": {
        "name": "(anonymous_3)",
        "decl": {
          "start": {
            "line": 28,
            "column": 12
          },
          "end": {
            "line": 28,
            "column": 13
          }
        },
        "loc": {
          "start": {
            "line": 28,
            "column": 18
          },
          "end": {
            "line": 30,
            "column": 3
          }
        },
        "line": 28
      },
      "4": {
        "name": "(anonymous_4)",
        "decl": {
          "start": {
            "line": 41,
            "column": 147
          },
          "end": {
            "line": 41,
            "column": 148
          }
        },
        "loc": {
          "start": {
            "line": 43,
            "column": 13
          },
          "end": {
            "line": 45,
            "column": 7
          }
        },
        "line": 43
      },
      "5": {
        "name": "(anonymous_5)",
        "decl": {
          "start": {
            "line": 54,
            "column": 147
          },
          "end": {
            "line": 54,
            "column": 148
          }
        },
        "loc": {
          "start": {
            "line": 56,
            "column": 13
          },
          "end": {
            "line": 58,
            "column": 7
          }
        },
        "line": 56
      },
      "6": {
        "name": "(anonymous_6)",
        "decl": {
          "start": {
            "line": 67,
            "column": 147
          },
          "end": {
            "line": 67,
            "column": 148
          }
        },
        "loc": {
          "start": {
            "line": 69,
            "column": 13
          },
          "end": {
            "line": 71,
            "column": 7
          }
        },
        "line": 69
      },
      "7": {
        "name": "(anonymous_7)",
        "decl": {
          "start": {
            "line": 95,
            "column": 53
          },
          "end": {
            "line": 95,
            "column": 54
          }
        },
        "loc": {
          "start": {
            "line": 95,
            "column": 64
          },
          "end": {
            "line": 97,
            "column": 1
          }
        },
        "line": 95
      },
      "8": {
        "name": "(anonymous_8)",
        "decl": {
          "start": {
            "line": 108,
            "column": 9
          },
          "end": {
            "line": 108,
            "column": 10
          }
        },
        "loc": {
          "start": {
            "line": 108,
            "column": 29
          },
          "end": {
            "line": 117,
            "column": 3
          }
        },
        "line": 108
      },
      "9": {
        "name": "(anonymous_9)",
        "decl": {
          "start": {
            "line": 110,
            "column": 27
          },
          "end": {
            "line": 110,
            "column": 28
          }
        },
        "loc": {
          "start": {
            "line": 110,
            "column": 44
          },
          "end": {
            "line": 116,
            "column": 5
          }
        },
        "line": 110
      }
    },
    "branchMap": {
      "0": {
        "loc": {
          "start": {
            "line": 5,
            "column": 0
          },
          "end": {
            "line": 15,
            "column": 1
          }
        },
        "type": "if",
        "locations": [
          {
            "start": {
              "line": 5,
              "column": 0
            },
            "end": {
              "line": 15,
              "column": 1
            }
          },
          {
            "start": {},
            "end": {}
          }
        ],
        "line": 5
      },
      "1": {
        "loc": {
          "start": {
            "line": 6,
            "column": 2
          },
          "end": {
            "line": 8,
            "column": 3
          }
        },
        "type": "if",
        "locations": [
          {
            "start": {
              "line": 6,
              "column": 2
            },
            "end": {
              "line": 8,
              "column": 3
            }
          },
          {
            "start": {},
            "end": {}
          }
        ],
        "line": 6
      },
      "2": {
        "loc": {
          "start": {
            "line": 25,
            "column": 11
          },
          "end": {
            "line": 25,
            "column": 81
          }
        },
        "type": "cond-expr",
        "locations": [
          {
            "start": {
              "line": 25,
              "column": 31
            },
            "end": {
              "line": 25,
              "column": 38
            }
          },
          {
            "start": {
              "line": 25,
              "column": 41
            },
            "end": {
              "line": 25,
              "column": 81
            }
          }
        ],
        "line": 25
      },
      "3": {
        "loc": {
          "start": {
            "line": 44,
            "column": 15
          },
          "end": {
            "line": 44,
            "column": 47
          }
        },
        "type": "cond-expr",
        "locations": [
          {
            "start": {
              "line": 44,
              "column": 26
            },
            "end": {
              "line": 44,
              "column": 35
            }
          },
          {
            "start": {
              "line": 44,
              "column": 38
            },
            "end": {
              "line": 44,
              "column": 47
            }
          }
        ],
        "line": 44
      },
      "4": {
        "loc": {
          "start": {
            "line": 57,
            "column": 15
          },
          "end": {
            "line": 57,
            "column": 47
          }
        },
        "type": "cond-expr",
        "locations": [
          {
            "start": {
              "line": 57,
              "column": 26
            },
            "end": {
              "line": 57,
              "column": 35
            }
          },
          {
            "start": {
              "line": 57,
              "column": 38
            },
            "end": {
              "line": 57,
              "column": 47
            }
          }
        ],
        "line": 57
      },
      "5": {
        "loc": {
          "start": {
            "line": 70,
            "column": 15
          },
          "end": {
            "line": 70,
            "column": 47
          }
        },
        "type": "cond-expr",
        "locations": [
          {
            "start": {
              "line": 70,
              "column": 26
            },
            "end": {
              "line": 70,
              "column": 35
            }
          },
          {
            "start": {
              "line": 70,
              "column": 38
            },
            "end": {
              "line": 70,
              "column": 47
            }
          }
        ],
        "line": 70
      },
      "6": {
        "loc": {
          "start": {
            "line": 102,
            "column": 0
          },
          "end": {
            "line": 118,
            "column": 1
          }
        },
        "type": "if",
        "locations": [
          {
            "start": {
              "line": 102,
              "column": 0
            },
            "end": {
              "line": 118,
              "column": 1
            }
          },
          {
            "start": {},
            "end": {}
          }
        ],
        "line": 102
      },
      "7": {
        "loc": {
          "start": {
            "line": 111,
            "column": 6
          },
          "end": {
            "line": 112,
            "column": 15
          }
        },
        "type": "if",
        "locations": [
          {
            "start": {
              "line": 111,
              "column": 6
            },
            "end": {
              "line": 112,
              "column": 15
            }
          },
          {
            "start": {},
            "end": {}
          }
        ],
        "line": 111
      },
      "8": {
        "loc": {
          "start": {
            "line": 114,
            "column": 6
          },
          "end": {
            "line": 115,
            "column": 54
          }
        },
        "type": "if",
        "locations": [
          {
            "start": {
              "line": 114,
              "column": 6
            },
            "end": {
              "line": 115,
              "column": 54
            }
          },
          {
            "start": {},
            "end": {}
          }
        ],
        "line": 114
      }
    },
    "s": {
      "0": 8,
      "1": 8,
      "2": 0,
      "3": 8,
      "4": 8,
      "5": 8,
      "6": 8,
      "7": 8,
      "8": 8,
      "9": 8,
      "10": 16,
      "11": 16,
      "12": 16,
      "13": 16,
      "14": 26,
      "15": 16,
      "16": 16,
      "17": 10,
      "18": 16,
      "19": 16,
      "20": 16,
      "21": 16,
      "22": 8,
      "23": 8,
      "24": 8,
      "25": 8,
      "26": 8,
      "27": 8,
      "28": 8,
      "29": 8,
      "30": 5,
      "31": 5,
      "32": 0,
      "33": 0,
      "34": 0,
      "35": 0,
      "36": 0
    },
    "f": {
      "0": 8,
      "1": 16,
      "2": 26,
      "3": 10,
      "4": 16,
      "5": 16,
      "6": 16,
      "7": 8,
      "8": 5,
      "9": 0
    },
    "b": {
      "0": [
        8,
        0
      ],
      "1": [
        0,
        8
      ],
      "2": [
        8,
        18
      ],
      "3": [
        4,
        12
      ],
      "4": [
        6,
        10
      ],
      "5": [
        6,
        10
      ],
      "6": [
        8,
        0
      ],
      "7": [
        0,
        0
      ],
      "8": [
        0,
        0
      ]
    },
    "inputSourceMap": {
      "version": 3,
      "mappings": "AAuBO;;;;;;;;;;;;;;;;AAvBP,SAASA,WAAWC,UAAUC,mBAAmB;AACjD,SAASC,SAASC,mBAAmB;AACrC,OAAO;AAEP,MAAMC,YAAYA,MAAM;AAAAC;AACtB,QAAMC,WAAWH,YAAY;AAC7B,QAAMI,WAAWD,SAASC;AAE1B,QAAMC,UAAUP,YACd,CAACM,cAAqB;AACpB,WAAOA,cAAa,MAAM,UAAUD,SAASC,SAASE,MAAM,CAAC,EAAEC,YAAY;AAAA,EAC7E,GACA,CAACJ,SAASC,QAAQ,CACpB;AAEA,QAAM,CAACI,MAAMC,OAAO,IAAIZ,SAASQ,QAAQD,QAAQ,CAAC;AAElDR,YAAU,MAAM;AACda,YAAQJ,QAAQD,QAAQ,CAAC;AAAA,EAC3B,GAAG,CAACC,SAASD,QAAQ,CAAC;AAEtB,SACE,uBAAC,YAAO,WAAU,UACf;AAAA,2BAAC,QAAG,WAAU,eAAeI;AAAAA;AAAAA,MAAK;AAAA,SAAlC;AAAA;AAAA;AAAA;AAAA,WAAuC;AAAA,IACxC,uBAAC,SAAI,WAAU,QACb,iCAAC,QAAG,WAAU,aACZ;AAAA,6BAAC,QAAG,WAAU,aACZ,iCAAC,WACC,KAAG,MACH,WAAU,aACV,OAAO,CAAC;AAAA,QAAEE;AAAAA,MAAS,OAAO;AAAA,QAAEC,OAAOD,WAAW,YAAY;AAAA,MAAU,IACpE,IAAG,KAAG,wBAJR;AAAA;AAAA;AAAA;AAAA,aAOA,KARF;AAAA;AAAA;AAAA;AAAA,aASA;AAAA,MACA,uBAAC,QAAG,WAAU,aACZ,iCAAC,WACC,KAAG,MACH,WAAU,aACV,OAAO,CAAC;AAAA,QAAEA;AAAAA,MAAS,OAAO;AAAA,QAAEC,OAAOD,WAAW,YAAY;AAAA,MAAU,IACpE,IAAG,QAAM,oBAJX;AAAA;AAAA;AAAA;AAAA,aAOA,KARF;AAAA;AAAA;AAAA;AAAA,aASA;AAAA,MACA,uBAAC,QAAG,WAAU,aACZ,iCAAC,WACC,KAAG,MACH,WAAU,aACV,OAAO,CAAC;AAAA,QAAEA;AAAAA,MAAS,OAAO;AAAA,QAAEC,OAAOD,WAAW,YAAY;AAAA,MAAU,IACpE,IAAG,QAAM,oBAJX;AAAA;AAAA;AAAA;AAAA,aAOA,KARF;AAAA;AAAA;AAAA;AAAA,aASA;AAAA,SA9BF;AAAA;AAAA;AAAA;AAAA,WA+BA,KAhCF;AAAA;AAAA;AAAA;AAAA,WAiCA;AAAA,OAnCF;AAAA;AAAA;AAAA;AAAA,SAoCA;AAEJ;AAAER,GAxDID,WAAS;AAAA,UACID,WAAW;AAAA;AAAAY,KADxBX;AAyDN,eAAeA;AAAU;AAAAY",
      "names": [
        "useEffect",
        "useState",
        "useCallback",
        "NavLink",
        "useLocation",
        "AppHeader",
        "_s",
        "location",
        "pathname",
        "getPath",
        "slice",
        "toUpperCase",
        "path",
        "setPath",
        "isActive",
        "color",
        "_c",
        "$RefreshReg$"
      ],
      "sources": [
        "C:/Учеба/RSSchool/REACT/Components/Components/vite-project/src/components/appHeader/AppHeader.tsx"
      ],
      "file": "C:/Учеба/RSSchool/REACT/Components/Components/vite-project/src/components/appHeader/AppHeader.tsx"
    },
    "_coverageSchema": "1a1c01bbd47fc00a2c39e90264f33305004495a9",
    "hash": "940fa60a0103cd8ef30ebba93d79fa29e61519d3"
  },
  "C:/Учеба/RSSchool/REACT/Components/Components/vite-project/src/components/errorMessage/ErrorMessage.tsx": {
    "path": "C:/Учеба/RSSchool/REACT/Components/Components/vite-project/src/components/errorMessage/ErrorMessage.tsx",
    "statementMap": {
      "0": {
        "start": {
          "line": 5,
          "column": 0
        },
        "end": {
          "line": 15,
          "column": 1
        }
      },
      "1": {
        "start": {
          "line": 6,
          "column": 2
        },
        "end": {
          "line": 8,
          "column": 3
        }
      },
      "2": {
        "start": {
          "line": 7,
          "column": 4
        },
        "end": {
          "line": 7,
          "column": 165
        }
      },
      "3": {
        "start": {
          "line": 9,
          "column": 2
        },
        "end": {
          "line": 9,
          "column": 39
        }
      },
      "4": {
        "start": {
          "line": 10,
          "column": 2
        },
        "end": {
          "line": 10,
          "column": 39
        }
      },
      "5": {
        "start": {
          "line": 11,
          "column": 2
        },
        "end": {
          "line": 13,
          "column": 4
        }
      },
      "6": {
        "start": {
          "line": 12,
          "column": 4
        },
        "end": {
          "line": 12,
          "column": 147
        }
      },
      "7": {
        "start": {
          "line": 14,
          "column": 2
        },
        "end": {
          "line": 14,
          "column": 75
        }
      },
      "8": {
        "start": {
          "line": 18,
          "column": 21
        },
        "end": {
          "line": 36,
          "column": 1
        }
      },
      "9": {
        "start": {
          "line": 19,
          "column": 2
        },
        "end": {
          "line": 35,
          "column": 11
        }
      },
      "10": {
        "start": {
          "line": 37,
          "column": 0
        },
        "end": {
          "line": 37,
          "column": 18
        }
      },
      "11": {
        "start": {
          "line": 40,
          "column": 0
        },
        "end": {
          "line": 40,
          "column": 33
        }
      },
      "12": {
        "start": {
          "line": 41,
          "column": 0
        },
        "end": {
          "line": 57,
          "column": 1
        }
      },
      "13": {
        "start": {
          "line": 42,
          "column": 2
        },
        "end": {
          "line": 42,
          "column": 39
        }
      },
      "14": {
        "start": {
          "line": 43,
          "column": 2
        },
        "end": {
          "line": 43,
          "column": 39
        }
      },
      "15": {
        "start": {
          "line": 44,
          "column": 2
        },
        "end": {
          "line": 56,
          "column": 5
        }
      },
      "16": {
        "start": {
          "line": 48,
          "column": 4
        },
        "end": {
          "line": 48,
          "column": 173
        }
      },
      "17": {
        "start": {
          "line": 49,
          "column": 4
        },
        "end": {
          "line": 55,
          "column": 7
        }
      },
      "18": {
        "start": {
          "line": 50,
          "column": 6
        },
        "end": {
          "line": 51,
          "column": 15
        }
      },
      "19": {
        "start": {
          "line": 51,
          "column": 8
        },
        "end": {
          "line": 51,
          "column": 15
        }
      },
      "20": {
        "start": {
          "line": 52,
          "column": 32
        },
        "end": {
          "line": 52,
          "column": 115
        }
      },
      "21": {
        "start": {
          "line": 53,
          "column": 6
        },
        "end": {
          "line": 54,
          "column": 54
        }
      },
      "22": {
        "start": {
          "line": 54,
          "column": 8
        },
        "end": {
          "line": 54,
          "column": 54
        }
      }
    },
    "fnMap": {
      "0": {
        "name": "(anonymous_0)",
        "decl": {
          "start": {
            "line": 11,
            "column": 24
          },
          "end": {
            "line": 11,
            "column": 25
          }
        },
        "loc": {
          "start": {
            "line": 11,
            "column": 38
          },
          "end": {
            "line": 13,
            "column": 3
          }
        },
        "line": 11
      },
      "1": {
        "name": "(anonymous_1)",
        "decl": {
          "start": {
            "line": 18,
            "column": 21
          },
          "end": {
            "line": 18,
            "column": 22
          }
        },
        "loc": {
          "start": {
            "line": 18,
            "column": 27
          },
          "end": {
            "line": 36,
            "column": 1
          }
        },
        "line": 18
      },
      "2": {
        "name": "(anonymous_2)",
        "decl": {
          "start": {
            "line": 47,
            "column": 9
          },
          "end": {
            "line": 47,
            "column": 10
          }
        },
        "loc": {
          "start": {
            "line": 47,
            "column": 29
          },
          "end": {
            "line": 56,
            "column": 3
          }
        },
        "line": 47
      },
      "3": {
        "name": "(anonymous_3)",
        "decl": {
          "start": {
            "line": 49,
            "column": 27
          },
          "end": {
            "line": 49,
            "column": 28
          }
        },
        "loc": {
          "start": {
            "line": 49,
            "column": 44
          },
          "end": {
            "line": 55,
            "column": 5
          }
        },
        "line": 49
      }
    },
    "branchMap": {
      "0": {
        "loc": {
          "start": {
            "line": 5,
            "column": 0
          },
          "end": {
            "line": 15,
            "column": 1
          }
        },
        "type": "if",
        "locations": [
          {
            "start": {
              "line": 5,
              "column": 0
            },
            "end": {
              "line": 15,
              "column": 1
            }
          },
          {
            "start": {},
            "end": {}
          }
        ],
        "line": 5
      },
      "1": {
        "loc": {
          "start": {
            "line": 6,
            "column": 2
          },
          "end": {
            "line": 8,
            "column": 3
          }
        },
        "type": "if",
        "locations": [
          {
            "start": {
              "line": 6,
              "column": 2
            },
            "end": {
              "line": 8,
              "column": 3
            }
          },
          {
            "start": {},
            "end": {}
          }
        ],
        "line": 6
      },
      "2": {
        "loc": {
          "start": {
            "line": 41,
            "column": 0
          },
          "end": {
            "line": 57,
            "column": 1
          }
        },
        "type": "if",
        "locations": [
          {
            "start": {
              "line": 41,
              "column": 0
            },
            "end": {
              "line": 57,
              "column": 1
            }
          },
          {
            "start": {},
            "end": {}
          }
        ],
        "line": 41
      },
      "3": {
        "loc": {
          "start": {
            "line": 50,
            "column": 6
          },
          "end": {
            "line": 51,
            "column": 15
          }
        },
        "type": "if",
        "locations": [
          {
            "start": {
              "line": 50,
              "column": 6
            },
            "end": {
              "line": 51,
              "column": 15
            }
          },
          {
            "start": {},
            "end": {}
          }
        ],
        "line": 50
      },
      "4": {
        "loc": {
          "start": {
            "line": 53,
            "column": 6
          },
          "end": {
            "line": 54,
            "column": 54
          }
        },
        "type": "if",
        "locations": [
          {
            "start": {
              "line": 53,
              "column": 6
            },
            "end": {
              "line": 54,
              "column": 54
            }
          },
          {
            "start": {},
            "end": {}
          }
        ],
        "line": 53
      }
    },
    "s": {
      "0": 8,
      "1": 8,
      "2": 0,
      "3": 8,
      "4": 8,
      "5": 8,
      "6": 8,
      "7": 8,
      "8": 8,
      "9": 0,
      "10": 8,
      "11": 8,
      "12": 8,
      "13": 8,
      "14": 8,
      "15": 8,
      "16": 5,
      "17": 5,
      "18": 0,
      "19": 0,
      "20": 0,
      "21": 0,
      "22": 0
    },
    "f": {
      "0": 8,
      "1": 0,
      "2": 5,
      "3": 0
    },
    "b": {
      "0": [
        8,
        0
      ],
      "1": [
        0,
        8
      ],
      "2": [
        8,
        0
      ],
      "3": [
        0,
        0
      ],
      "4": [
        0,
        0
      ]
    },
    "inputSourceMap": {
      "version": 3,
      "mappings": "AAKI,mBACE,cADF;AALJ,OAAOA,oBAAS;AAAa;AAAA;AAAA;AAAA;AAAA;AAAA;AAAA;AAAA;AAAA;AAAA;AAAA;AAAA;AAAA;AAAA;AAC7B,OAAO;AAEP,MAAMC,eAAeA,MAAM;AACzB,SACE,mCACE;AAAA,2BAAC,QAAG,WAAU,gBAAe,4CAA7B;AAAA;AAAA;AAAA;AAAA,WAAyD;AAAA,IACzD,uBAAC,SAAI,WAAU,SAAQ,KAAKD,KAAK,KAAI,mBAArC;AAAA;AAAA;AAAA;AAAA,WAAoD;AAAA,IAAG;AAAA,OAFzD;AAAA;AAAA;AAAA;AAAA,SAGA;AAEJ;AAAEE,KAPID;AASN,eAAeA;AAAa;AAAAE",
      "names": [
        "img",
        "ErrorMessage",
        "_c",
        "$RefreshReg$"
      ],
      "sources": [
        "C:/Учеба/RSSchool/REACT/Components/Components/vite-project/src/components/errorMessage/ErrorMessage.tsx"
      ],
      "file": "C:/Учеба/RSSchool/REACT/Components/Components/vite-project/src/components/errorMessage/ErrorMessage.tsx"
    },
    "_coverageSchema": "1a1c01bbd47fc00a2c39e90264f33305004495a9",
    "hash": "959d8964c08a0765e3004ad67d4efa254abb56a2"
  },
  "C:/Учеба/RSSchool/REACT/Components/Components/vite-project/src/components/errorBoundary/ErrorBoundary.tsx": {
    "path": "C:/Учеба/RSSchool/REACT/Components/Components/vite-project/src/components/errorBoundary/ErrorBoundary.tsx",
    "statementMap": {
      "0": {
        "start": {
          "line": 5,
          "column": 10
        },
        "end": {
          "line": 7,
          "column": 3
        }
      },
      "1": {
        "start": {
          "line": 9,
          "column": 4
        },
        "end": {
          "line": 9,
          "column": 34
        }
      },
      "2": {
        "start": {
          "line": 10,
          "column": 4
        },
        "end": {
          "line": 12,
          "column": 7
        }
      },
      "3": {
        "start": {
          "line": 15,
          "column": 4
        },
        "end": {
          "line": 21,
          "column": 5
        }
      },
      "4": {
        "start": {
          "line": 16,
          "column": 6
        },
        "end": {
          "line": 20,
          "column": 15
        }
      },
      "5": {
        "start": {
          "line": 22,
          "column": 4
        },
        "end": {
          "line": 22,
          "column": 31
        }
      }
    },
    "fnMap": {
      "0": {
        "name": "(anonymous_0)",
        "decl": {
          "start": {
            "line": 8,
            "column": 2
          },
          "end": {
            "line": 8,
            "column": 3
          }
        },
        "loc": {
          "start": {
            "line": 8,
            "column": 38
          },
          "end": {
            "line": 13,
            "column": 3
          }
        },
        "line": 8
      },
      "1": {
        "name": "(anonymous_1)",
        "decl": {
          "start": {
            "line": 14,
            "column": 2
          },
          "end": {
            "line": 14,
            "column": 3
          }
        },
        "loc": {
          "start": {
            "line": 14,
            "column": 11
          },
          "end": {
            "line": 23,
            "column": 3
          }
        },
        "line": 14
      }
    },
    "branchMap": {
      "0": {
        "loc": {
          "start": {
            "line": 15,
            "column": 4
          },
          "end": {
            "line": 21,
            "column": 5
          }
        },
        "type": "if",
        "locations": [
          {
            "start": {
              "line": 15,
              "column": 4
            },
            "end": {
              "line": 21,
              "column": 5
            }
          },
          {
            "start": {},
            "end": {}
          }
        ],
        "line": 15
      }
    },
    "s": {
      "0": 22,
      "1": 0,
      "2": 0,
      "3": 22,
      "4": 0,
      "5": 22
    },
    "f": {
      "0": 0,
      "1": 22
    },
    "b": {
      "0": [
        0,
        22
      ]
    },
    "inputSourceMap": {
      "version": 3,
      "mappings": "AAoBa;AApBb,SAASA,iBAAuC;AAChD,OAAOC,kBAAkB;AAKzB,MAAMC,sBAAsBF,UAAsB;AAAA,EAChDG,QAAQ;AAAA,IACNC,OAAO;AAAA,EACT;AAAA,EAEAC,kBAAkBD,OAAcE,WAAsB;AACpDC,YAAQC,IAAIJ,OAAOE,SAAS;AAE5B,SAAKG,SAAS;AAAA,MACZL,OAAO;AAAA,IACT,CAAC;AAAA,EACH;AAAA,EACAM,SAAoB;AAClB,QAAI,KAAKP,MAAMC,OAAO;AACpB,aAAO,uBAAC,kBAAD;AAAA;AAAA;AAAA;AAAA,aAAa;AAAA,IACtB;AACA,WAAO,KAAKO,MAAMC;AAAAA,EACpB;AACF;AACA,eAAeV",
      "names": [
        "Component",
        "ErrorMessage",
        "ErrorBoundary",
        "state",
        "error",
        "componentDidCatch",
        "errorInfo",
        "console",
        "log",
        "setState",
        "render",
        "props",
        "children"
      ],
      "sources": [
        "C:/Учеба/RSSchool/REACT/Components/Components/vite-project/src/components/errorBoundary/ErrorBoundary.tsx"
      ],
      "file": "C:/Учеба/RSSchool/REACT/Components/Components/vite-project/src/components/errorBoundary/ErrorBoundary.tsx"
    },
    "_coverageSchema": "1a1c01bbd47fc00a2c39e90264f33305004495a9",
    "hash": "05ff018677f122841fb12a61713e54b9ebac67e2"
  },
  "C:/Учеба/RSSchool/REACT/Components/Components/vite-project/src/components/pages/Home.tsx": {
    "path": "C:/Учеба/RSSchool/REACT/Components/Components/vite-project/src/components/pages/Home.tsx",
    "statementMap": {
      "0": {
        "start": {
          "line": 5,
          "column": 0
        },
        "end": {
          "line": 15,
          "column": 1
        }
      },
      "1": {
        "start": {
          "line": 6,
          "column": 2
        },
        "end": {
          "line": 8,
          "column": 3
        }
      },
      "2": {
        "start": {
          "line": 7,
          "column": 4
        },
        "end": {
          "line": 7,
          "column": 165
        }
      },
      "3": {
        "start": {
          "line": 9,
          "column": 2
        },
        "end": {
          "line": 9,
          "column": 39
        }
      },
      "4": {
        "start": {
          "line": 10,
          "column": 2
        },
        "end": {
          "line": 10,
          "column": 39
        }
      },
      "5": {
        "start": {
          "line": 11,
          "column": 2
        },
        "end": {
          "line": 13,
          "column": 4
        }
      },
      "6": {
        "start": {
          "line": 12,
          "column": 4
        },
        "end": {
          "line": 12,
          "column": 132
        }
      },
      "7": {
        "start": {
          "line": 14,
          "column": 2
        },
        "end": {
          "line": 14,
          "column": 75
        }
      },
      "8": {
        "start": {
          "line": 16,
          "column": 13
        },
        "end": {
          "line": 22,
          "column": 1
        }
      },
      "9": {
        "start": {
          "line": 17,
          "column": 2
        },
        "end": {
          "line": 21,
          "column": 11
        }
      },
      "10": {
        "start": {
          "line": 23,
          "column": 0
        },
        "end": {
          "line": 23,
          "column": 10
        }
      },
      "11": {
        "start": {
          "line": 26,
          "column": 0
        },
        "end": {
          "line": 26,
          "column": 25
        }
      },
      "12": {
        "start": {
          "line": 27,
          "column": 0
        },
        "end": {
          "line": 43,
          "column": 1
        }
      },
      "13": {
        "start": {
          "line": 28,
          "column": 2
        },
        "end": {
          "line": 28,
          "column": 39
        }
      },
      "14": {
        "start": {
          "line": 29,
          "column": 2
        },
        "end": {
          "line": 29,
          "column": 39
        }
      },
      "15": {
        "start": {
          "line": 30,
          "column": 2
        },
        "end": {
          "line": 42,
          "column": 5
        }
      },
      "16": {
        "start": {
          "line": 34,
          "column": 4
        },
        "end": {
          "line": 34,
          "column": 158
        }
      },
      "17": {
        "start": {
          "line": 35,
          "column": 4
        },
        "end": {
          "line": 41,
          "column": 7
        }
      },
      "18": {
        "start": {
          "line": 36,
          "column": 6
        },
        "end": {
          "line": 37,
          "column": 15
        }
      },
      "19": {
        "start": {
          "line": 37,
          "column": 8
        },
        "end": {
          "line": 37,
          "column": 15
        }
      },
      "20": {
        "start": {
          "line": 38,
          "column": 32
        },
        "end": {
          "line": 38,
          "column": 115
        }
      },
      "21": {
        "start": {
          "line": 39,
          "column": 6
        },
        "end": {
          "line": 40,
          "column": 54
        }
      },
      "22": {
        "start": {
          "line": 40,
          "column": 8
        },
        "end": {
          "line": 40,
          "column": 54
        }
      }
    },
    "fnMap": {
      "0": {
        "name": "(anonymous_0)",
        "decl": {
          "start": {
            "line": 11,
            "column": 24
          },
          "end": {
            "line": 11,
            "column": 25
          }
        },
        "loc": {
          "start": {
            "line": 11,
            "column": 38
          },
          "end": {
            "line": 13,
            "column": 3
          }
        },
        "line": 11
      },
      "1": {
        "name": "(anonymous_1)",
        "decl": {
          "start": {
            "line": 16,
            "column": 13
          },
          "end": {
            "line": 16,
            "column": 14
          }
        },
        "loc": {
          "start": {
            "line": 16,
            "column": 19
          },
          "end": {
            "line": 22,
            "column": 1
          }
        },
        "line": 16
      },
      "2": {
        "name": "(anonymous_2)",
        "decl": {
          "start": {
            "line": 33,
            "column": 9
          },
          "end": {
            "line": 33,
            "column": 10
          }
        },
        "loc": {
          "start": {
            "line": 33,
            "column": 29
          },
          "end": {
            "line": 42,
            "column": 3
          }
        },
        "line": 33
      },
      "3": {
        "name": "(anonymous_3)",
        "decl": {
          "start": {
            "line": 35,
            "column": 27
          },
          "end": {
            "line": 35,
            "column": 28
          }
        },
        "loc": {
          "start": {
            "line": 35,
            "column": 44
          },
          "end": {
            "line": 41,
            "column": 5
          }
        },
        "line": 35
      }
    },
    "branchMap": {
      "0": {
        "loc": {
          "start": {
            "line": 5,
            "column": 0
          },
          "end": {
            "line": 15,
            "column": 1
          }
        },
        "type": "if",
        "locations": [
          {
            "start": {
              "line": 5,
              "column": 0
            },
            "end": {
              "line": 15,
              "column": 1
            }
          },
          {
            "start": {},
            "end": {}
          }
        ],
        "line": 5
      },
      "1": {
        "loc": {
          "start": {
            "line": 6,
            "column": 2
          },
          "end": {
            "line": 8,
            "column": 3
          }
        },
        "type": "if",
        "locations": [
          {
            "start": {
              "line": 6,
              "column": 2
            },
            "end": {
              "line": 8,
              "column": 3
            }
          },
          {
            "start": {},
            "end": {}
          }
        ],
        "line": 6
      },
      "2": {
        "loc": {
          "start": {
            "line": 27,
            "column": 0
          },
          "end": {
            "line": 43,
            "column": 1
          }
        },
        "type": "if",
        "locations": [
          {
            "start": {
              "line": 27,
              "column": 0
            },
            "end": {
              "line": 43,
              "column": 1
            }
          },
          {
            "start": {},
            "end": {}
          }
        ],
        "line": 27
      },
      "3": {
        "loc": {
          "start": {
            "line": 36,
            "column": 6
          },
          "end": {
            "line": 37,
            "column": 15
          }
        },
        "type": "if",
        "locations": [
          {
            "start": {
              "line": 36,
              "column": 6
            },
            "end": {
              "line": 37,
              "column": 15
            }
          },
          {
            "start": {},
            "end": {}
          }
        ],
        "line": 36
      },
      "4": {
        "loc": {
          "start": {
            "line": 39,
            "column": 6
          },
          "end": {
            "line": 40,
            "column": 54
          }
        },
        "type": "if",
        "locations": [
          {
            "start": {
              "line": 39,
              "column": 6
            },
            "end": {
              "line": 40,
              "column": 54
            }
          },
          {
            "start": {},
            "end": {}
          }
        ],
        "line": 39
      }
    },
    "s": {
      "0": 8,
      "1": 8,
      "2": 0,
      "3": 8,
      "4": 8,
      "5": 8,
      "6": 8,
      "7": 8,
      "8": 8,
      "9": 4,
      "10": 8,
      "11": 8,
      "12": 8,
      "13": 8,
      "14": 8,
      "15": 8,
      "16": 5,
      "17": 5,
      "18": 0,
      "19": 0,
      "20": 0,
      "21": 0,
      "22": 0
    },
    "f": {
      "0": 8,
      "1": 4,
      "2": 5,
      "3": 0
    },
    "b": {
      "0": [
        8,
        0
      ],
      "1": [
        0,
        8
      ],
      "2": [
        8,
        0
      ],
      "3": [
        0,
        0
      ],
      "4": [
        0,
        0
      ]
    },
    "inputSourceMap": {
      "version": 3,
      "mappings": "AACS;AADT,OAAMA,oBAAa;AAAA;AAAA;AAAA;AAAA;AAAA;AAAA;AAAA;AAAA;AAAA;AAAA;AAAA;AAAA;AAAA;AAAA;AACjB,SAAO,uBAAC,QAAG,WAAU,SAAQ,wBAAtB;AAAA;AAAA;AAAA;AAAA,SAA8B;AACvC;AAAEC,KAFID;AAIN,eAAeA;AAAK;AAAAE",
      "names": [
        "Home",
        "_c",
        "$RefreshReg$"
      ],
      "sources": [
        "C:/Учеба/RSSchool/REACT/Components/Components/vite-project/src/components/pages/Home.tsx"
      ],
      "file": "C:/Учеба/RSSchool/REACT/Components/Components/vite-project/src/components/pages/Home.tsx"
    },
    "_coverageSchema": "1a1c01bbd47fc00a2c39e90264f33305004495a9",
    "hash": "408306472b8a474f8c9993209e7c3c3fe977be25"
  },
  "C:/Учеба/RSSchool/REACT/Components/Components/vite-project/src/components/spinner/Spinner.tsx": {
    "path": "C:/Учеба/RSSchool/REACT/Components/Components/vite-project/src/components/spinner/Spinner.tsx",
    "statementMap": {
      "0": {
        "start": {
          "line": 5,
          "column": 0
        },
        "end": {
          "line": 15,
          "column": 1
        }
      },
      "1": {
        "start": {
          "line": 6,
          "column": 2
        },
        "end": {
          "line": 8,
          "column": 3
        }
      },
      "2": {
        "start": {
          "line": 7,
          "column": 4
        },
        "end": {
          "line": 7,
          "column": 165
        }
      },
      "3": {
        "start": {
          "line": 9,
          "column": 2
        },
        "end": {
          "line": 9,
          "column": 39
        }
      },
      "4": {
        "start": {
          "line": 10,
          "column": 2
        },
        "end": {
          "line": 10,
          "column": 39
        }
      },
      "5": {
        "start": {
          "line": 11,
          "column": 2
        },
        "end": {
          "line": 13,
          "column": 4
        }
      },
      "6": {
        "start": {
          "line": 12,
          "column": 4
        },
        "end": {
          "line": 12,
          "column": 137
        }
      },
      "7": {
        "start": {
          "line": 14,
          "column": 2
        },
        "end": {
          "line": 14,
          "column": 75
        }
      },
      "8": {
        "start": {
          "line": 16,
          "column": 16
        },
        "end": {
          "line": 219,
          "column": 1
        }
      },
      "9": {
        "start": {
          "line": 17,
          "column": 2
        },
        "end": {
          "line": 218,
          "column": 11
        }
      },
      "10": {
        "start": {
          "line": 220,
          "column": 0
        },
        "end": {
          "line": 220,
          "column": 13
        }
      },
      "11": {
        "start": {
          "line": 223,
          "column": 0
        },
        "end": {
          "line": 223,
          "column": 28
        }
      },
      "12": {
        "start": {
          "line": 224,
          "column": 0
        },
        "end": {
          "line": 240,
          "column": 1
        }
      },
      "13": {
        "start": {
          "line": 225,
          "column": 2
        },
        "end": {
          "line": 225,
          "column": 39
        }
      },
      "14": {
        "start": {
          "line": 226,
          "column": 2
        },
        "end": {
          "line": 226,
          "column": 39
        }
      },
      "15": {
        "start": {
          "line": 227,
          "column": 2
        },
        "end": {
          "line": 239,
          "column": 5
        }
      },
      "16": {
        "start": {
          "line": 231,
          "column": 4
        },
        "end": {
          "line": 231,
          "column": 163
        }
      },
      "17": {
        "start": {
          "line": 232,
          "column": 4
        },
        "end": {
          "line": 238,
          "column": 7
        }
      },
      "18": {
        "start": {
          "line": 233,
          "column": 6
        },
        "end": {
          "line": 234,
          "column": 15
        }
      },
      "19": {
        "start": {
          "line": 234,
          "column": 8
        },
        "end": {
          "line": 234,
          "column": 15
        }
      },
      "20": {
        "start": {
          "line": 235,
          "column": 32
        },
        "end": {
          "line": 235,
          "column": 115
        }
      },
      "21": {
        "start": {
          "line": 236,
          "column": 6
        },
        "end": {
          "line": 237,
          "column": 54
        }
      },
      "22": {
        "start": {
          "line": 237,
          "column": 8
        },
        "end": {
          "line": 237,
          "column": 54
        }
      }
    },
    "fnMap": {
      "0": {
        "name": "(anonymous_0)",
        "decl": {
          "start": {
            "line": 11,
            "column": 24
          },
          "end": {
            "line": 11,
            "column": 25
          }
        },
        "loc": {
          "start": {
            "line": 11,
            "column": 38
          },
          "end": {
            "line": 13,
            "column": 3
          }
        },
        "line": 11
      },
      "1": {
        "name": "(anonymous_1)",
        "decl": {
          "start": {
            "line": 16,
            "column": 16
          },
          "end": {
            "line": 16,
            "column": 17
          }
        },
        "loc": {
          "start": {
            "line": 16,
            "column": 22
          },
          "end": {
            "line": 219,
            "column": 1
          }
        },
        "line": 16
      },
      "2": {
        "name": "(anonymous_2)",
        "decl": {
          "start": {
            "line": 230,
            "column": 9
          },
          "end": {
            "line": 230,
            "column": 10
          }
        },
        "loc": {
          "start": {
            "line": 230,
            "column": 29
          },
          "end": {
            "line": 239,
            "column": 3
          }
        },
        "line": 230
      },
      "3": {
        "name": "(anonymous_3)",
        "decl": {
          "start": {
            "line": 232,
            "column": 27
          },
          "end": {
            "line": 232,
            "column": 28
          }
        },
        "loc": {
          "start": {
            "line": 232,
            "column": 44
          },
          "end": {
            "line": 238,
            "column": 5
          }
        },
        "line": 232
      }
    },
    "branchMap": {
      "0": {
        "loc": {
          "start": {
            "line": 5,
            "column": 0
          },
          "end": {
            "line": 15,
            "column": 1
          }
        },
        "type": "if",
        "locations": [
          {
            "start": {
              "line": 5,
              "column": 0
            },
            "end": {
              "line": 15,
              "column": 1
            }
          },
          {
            "start": {},
            "end": {}
          }
        ],
        "line": 5
      },
      "1": {
        "loc": {
          "start": {
            "line": 6,
            "column": 2
          },
          "end": {
            "line": 8,
            "column": 3
          }
        },
        "type": "if",
        "locations": [
          {
            "start": {
              "line": 6,
              "column": 2
            },
            "end": {
              "line": 8,
              "column": 3
            }
          },
          {
            "start": {},
            "end": {}
          }
        ],
        "line": 6
      },
      "2": {
        "loc": {
          "start": {
            "line": 224,
            "column": 0
          },
          "end": {
            "line": 240,
            "column": 1
          }
        },
        "type": "if",
        "locations": [
          {
            "start": {
              "line": 224,
              "column": 0
            },
            "end": {
              "line": 240,
              "column": 1
            }
          },
          {
            "start": {},
            "end": {}
          }
        ],
        "line": 224
      },
      "3": {
        "loc": {
          "start": {
            "line": 233,
            "column": 6
          },
          "end": {
            "line": 234,
            "column": 15
          }
        },
        "type": "if",
        "locations": [
          {
            "start": {
              "line": 233,
              "column": 6
            },
            "end": {
              "line": 234,
              "column": 15
            }
          },
          {
            "start": {},
            "end": {}
          }
        ],
        "line": 233
      },
      "4": {
        "loc": {
          "start": {
            "line": 236,
            "column": 6
          },
          "end": {
            "line": 237,
            "column": 54
          }
        },
        "type": "if",
        "locations": [
          {
            "start": {
              "line": 236,
              "column": 6
            },
            "end": {
              "line": 237,
              "column": 54
            }
          },
          {
            "start": {},
            "end": {}
          }
        ],
        "line": 236
      }
    },
    "s": {
      "0": 8,
      "1": 8,
      "2": 0,
      "3": 8,
      "4": 8,
      "5": 8,
      "6": 8,
      "7": 8,
      "8": 8,
      "9": 0,
      "10": 8,
      "11": 8,
      "12": 8,
      "13": 8,
      "14": 8,
      "15": 8,
      "16": 5,
      "17": 5,
      "18": 0,
      "19": 0,
      "20": 0,
      "21": 0,
      "22": 0
    },
    "f": {
      "0": 8,
      "1": 0,
      "2": 5,
      "3": 0
    },
    "b": {
      "0": [
        8,
        0
      ],
      "1": [
        0,
        8
      ],
      "2": [
        8,
        0
      ],
      "3": [
        0,
        0
      ],
      "4": [
        0,
        0
      ]
    },
    "inputSourceMap": {
      "version": 3,
      "mappings": "AAaY;AAbZ,OAAMA,oBAAgB;AAAA;AAAA;AAAA;AAAA;AAAA;AAAA;AAAA;AAAA;AAAA;AAAA;AAAA;AAAA;AAAA;AAAA;AACpB,SACE,uBAAC,SACC,OAAM,8BACN,OAAO;AAAA,IAAEC,QAAQ;AAAA,IAAUC,YAAY;AAAA,IAAQC,SAAS;AAAA,EAAQ,GAChE,OAAM,SACN,QAAO,SACP,SAAQ,eACR,qBAAoB,YAEpB;AAAA,2BAAC,OAAE,WAAU,oBACX,iCAAC,OAAE,WAAU,aACX,iCAAC,YAAO,IAAG,KAAI,IAAG,KAAI,GAAE,KAAI,MAAK,WAAU,aAAY,KACrD;AAAA,6BAAC,sBACC,eAAc,aACd,MAAK,SACL,OAAM,WACN,QAAO,eACP,UAAS,OACT,KAAI,MACJ,aAAY,gBAPd;AAAA;AAAA;AAAA;AAAA,aAQC;AAAA,MACD,uBAAC,aACC,eAAc,eACd,UAAS,OACT,KAAI,MACJ,aAAY,cACZ,QAAO,OACP,OAAM,aANR;AAAA;AAAA;AAAA;AAAA,aAOC;AAAA,SAjBH;AAAA;AAAA;AAAA;AAAA,WAkBA,KAnBF;AAAA;AAAA;AAAA;AAAA,WAoBA,KArBF;AAAA;AAAA;AAAA;AAAA,WAsBA;AAAA,IACA,uBAAC,OAAE,WAAU,kDACX,iCAAC,OAAE,WAAU,cACX,iCAAC,YAAO,IAAG,KAAI,IAAG,KAAI,GAAE,KAAI,MAAK,WAAU,aAAY,SACrD;AAAA,6BAAC,sBACC,eAAc,aACd,MAAK,SACL,OAAM,UACN,QAAO,eACP,UAAS,OACT,KAAI,MACJ,aAAY,gBAPd;AAAA;AAAA;AAAA;AAAA,aAQC;AAAA,MACD,uBAAC,aACC,eAAc,eACd,UAAS,OACT,KAAI,MACJ,aAAY,cACZ,QAAO,OACP,OAAM,YANR;AAAA;AAAA;AAAA;AAAA,aAOC;AAAA,SAjBH;AAAA;AAAA;AAAA;AAAA,WAkBA,KAnBF;AAAA;AAAA;AAAA;AAAA,WAoBA,KArBF;AAAA;AAAA;AAAA;AAAA,WAsBA;AAAA,IACA,uBAAC,OAAE,WAAU,oBACX,iCAAC,OAAE,WAAU,cACX,iCAAC,YAAO,IAAG,KAAI,IAAG,KAAI,GAAE,KAAI,MAAK,WAAU,aAAY,QACrD;AAAA,6BAAC,sBACC,eAAc,aACd,MAAK,SACL,OAAM,WACN,QAAO,eACP,UAAS,OACT,KAAI,MACJ,aAAY,gBAPd;AAAA;AAAA;AAAA;AAAA,aAQC;AAAA,MACD,uBAAC,aACC,eAAc,eACd,UAAS,OACT,KAAI,MACJ,aAAY,cACZ,QAAO,OACP,OAAM,aANR;AAAA;AAAA;AAAA;AAAA,aAOC;AAAA,SAjBH;AAAA;AAAA;AAAA;AAAA,WAkBA,KAnBF;AAAA;AAAA;AAAA;AAAA,WAoBA,KArBF;AAAA;AAAA;AAAA;AAAA,WAsBA;AAAA,IACA,uBAAC,OAAE,WAAU,mDACX,iCAAC,OAAE,WAAU,eACX,iCAAC,YAAO,IAAG,KAAI,IAAG,KAAI,GAAE,KAAI,MAAK,WAAU,aAAY,SACrD;AAAA,6BAAC,sBACC,eAAc,aACd,MAAK,SACL,OAAM,SACN,QAAO,eACP,UAAS,OACT,KAAI,MACJ,aAAY,gBAPd;AAAA;AAAA;AAAA;AAAA,aAQC;AAAA,MACD,uBAAC,aACC,eAAc,eACd,UAAS,OACT,KAAI,MACJ,aAAY,cACZ,QAAO,OACP,OAAM,WANR;AAAA;AAAA;AAAA;AAAA,aAOC;AAAA,SAjBH;AAAA;AAAA;AAAA;AAAA,WAkBA,KAnBF;AAAA;AAAA;AAAA;AAAA,WAoBA,KArBF;AAAA;AAAA;AAAA;AAAA,WAsBA;AAAA,IACA,uBAAC,OAAE,WAAU,mCACX,iCAAC,OAAE,WAAU,eACX,iCAAC,YAAO,IAAG,KAAI,IAAG,KAAI,GAAE,KAAI,MAAK,WAAU,aAAY,OACrD;AAAA,6BAAC,sBACC,eAAc,aACd,MAAK,SACL,OAAM,WACN,QAAO,eACP,UAAS,OACT,KAAI,MACJ,aAAY,gBAPd;AAAA;AAAA;AAAA;AAAA,aAQC;AAAA,MACD,uBAAC,aACC,eAAc,eACd,UAAS,OACT,KAAI,MACJ,aAAY,cACZ,QAAO,OACP,OAAM,aANR;AAAA;AAAA;AAAA;AAAA,aAOC;AAAA,SAjBH;AAAA;AAAA;AAAA;AAAA,WAkBA,KAnBF;AAAA;AAAA;AAAA;AAAA,WAoBA,KArBF;AAAA;AAAA;AAAA;AAAA,WAsBA;AAAA,IACA,uBAAC,OAAE,WAAU,mDACX,iCAAC,OAAE,WAAU,eACX,iCAAC,YAAO,IAAG,KAAI,IAAG,KAAI,GAAE,KAAI,MAAK,WAAU,aAAY,SACrD;AAAA,6BAAC,sBACC,eAAc,aACd,MAAK,SACL,OAAM,UACN,QAAO,eACP,UAAS,OACT,KAAI,MACJ,aAAY,gBAPd;AAAA;AAAA;AAAA;AAAA,aAQC;AAAA,MACD,uBAAC,aACC,eAAc,eACd,UAAS,OACT,KAAI,MACJ,aAAY,cACZ,QAAO,OACP,OAAM,YANR;AAAA;AAAA;AAAA;AAAA,aAOC;AAAA,SAjBH;AAAA;AAAA;AAAA;AAAA,WAkBA,KAnBF;AAAA;AAAA;AAAA;AAAA,WAoBA,KArBF;AAAA;AAAA;AAAA;AAAA,WAsBA;AAAA,IACA,uBAAC,OAAE,WAAU,mCACX,iCAAC,OAAE,WAAU,eACX,iCAAC,YAAO,IAAG,KAAI,IAAG,KAAI,GAAE,KAAI,MAAK,WAAU,aAAY,QACrD;AAAA,6BAAC,sBACC,eAAc,aACd,MAAK,SACL,OAAM,WACN,QAAO,eACP,UAAS,OACT,KAAI,MACJ,aAAY,gBAPd;AAAA;AAAA;AAAA;AAAA,aAQC;AAAA,MACD,uBAAC,aACC,eAAc,eACd,UAAS,OACT,KAAI,MACJ,aAAY,cACZ,QAAO,OACP,OAAM,aANR;AAAA;AAAA;AAAA;AAAA,aAOC;AAAA,SAjBH;AAAA;AAAA;AAAA;AAAA,WAkBA,KAnBF;AAAA;AAAA;AAAA;AAAA,WAoBA,KArBF;AAAA;AAAA;AAAA;AAAA,WAsBA;AAAA,IACA,uBAAC,OAAE,WAAU,kDACX,iCAAC,OAAE,WAAU,eACX,iCAAC,YAAO,IAAG,KAAI,IAAG,KAAI,GAAE,KAAI,MAAK,WAAU,aAAY,SACrD;AAAA,6BAAC,sBACC,eAAc,aACd,MAAK,SACL,OAAM,MACN,QAAO,eACP,UAAS,OACT,KAAI,MACJ,aAAY,gBAPd;AAAA;AAAA;AAAA;AAAA,aAQC;AAAA,MACD,uBAAC,aACC,eAAc,eACd,UAAS,OACT,KAAI,MACJ,aAAY,cACZ,QAAO,OACP,OAAM,QANR;AAAA;AAAA;AAAA;AAAA,aAOC;AAAA,SAjBH;AAAA;AAAA;AAAA;AAAA,WAkBA,KAnBF;AAAA;AAAA;AAAA;AAAA,WAoBA,KArBF;AAAA;AAAA;AAAA;AAAA,WAsBA;AAAA,OA/LF;AAAA;AAAA;AAAA;AAAA,SAgMA;AAEJ;AAAEC,KApMIJ;AAsMN,eAAeA;AAAQ;AAAAK",
      "names": [
        "Spinner",
        "margin",
        "background",
        "display",
        "_c",
        "$RefreshReg$"
      ],
      "sources": [
        "C:/Учеба/RSSchool/REACT/Components/Components/vite-project/src/components/spinner/Spinner.tsx"
      ],
      "file": "C:/Учеба/RSSchool/REACT/Components/Components/vite-project/src/components/spinner/Spinner.tsx"
    },
    "_coverageSchema": "1a1c01bbd47fc00a2c39e90264f33305004495a9",
    "hash": "4d82dc1bfde84fb5bbd4d6d1c909eb6939c79929"
  },
  "C:/Учеба/RSSchool/REACT/Components/Components/vite-project/src/components/charactersList/CharactersList.tsx": {
    "path": "C:/Учеба/RSSchool/REACT/Components/Components/vite-project/src/components/charactersList/CharactersList.tsx",
    "statementMap": {
      "0": {
        "start": {
          "line": 5,
          "column": 0
        },
        "end": {
          "line": 15,
          "column": 1
        }
      },
      "1": {
        "start": {
          "line": 6,
          "column": 2
        },
        "end": {
          "line": 8,
          "column": 3
        }
      },
      "2": {
        "start": {
          "line": 7,
          "column": 4
        },
        "end": {
          "line": 7,
          "column": 165
        }
      },
      "3": {
        "start": {
          "line": 9,
          "column": 2
        },
        "end": {
          "line": 9,
          "column": 39
        }
      },
      "4": {
        "start": {
          "line": 10,
          "column": 2
        },
        "end": {
          "line": 10,
          "column": 39
        }
      },
      "5": {
        "start": {
          "line": 11,
          "column": 2
        },
        "end": {
          "line": 13,
          "column": 4
        }
      },
      "6": {
        "start": {
          "line": 12,
          "column": 4
        },
        "end": {
          "line": 12,
          "column": 151
        }
      },
      "7": {
        "start": {
          "line": 14,
          "column": 2
        },
        "end": {
          "line": 14,
          "column": 75
        }
      },
      "8": {
        "start": {
          "line": 19,
          "column": 23
        },
        "end": {
          "line": 86,
          "column": 1
        }
      },
      "9": {
        "start": {
          "line": 26,
          "column": 27
        },
        "end": {
          "line": 63,
          "column": 3
        }
      },
      "10": {
        "start": {
          "line": 27,
          "column": 18
        },
        "end": {
          "line": 57,
          "column": 6
        }
      },
      "11": {
        "start": {
          "line": 33,
          "column": 6
        },
        "end": {
          "line": 56,
          "column": 15
        }
      },
      "12": {
        "start": {
          "line": 34,
          "column": 8
        },
        "end": {
          "line": 34,
          "column": 30
        }
      },
      "13": {
        "start": {
          "line": 35,
          "column": 8
        },
        "end": {
          "line": 35,
          "column": 29
        }
      },
      "14": {
        "start": {
          "line": 58,
          "column": 4
        },
        "end": {
          "line": 62,
          "column": 13
        }
      },
      "15": {
        "start": {
          "line": 64,
          "column": 25
        },
        "end": {
          "line": 64,
          "column": 53
        }
      },
      "16": {
        "start": {
          "line": 65,
          "column": 2
        },
        "end": {
          "line": 85,
          "column": 11
        }
      },
      "17": {
        "start": {
          "line": 87,
          "column": 0
        },
        "end": {
          "line": 87,
          "column": 20
        }
      },
      "18": {
        "start": {
          "line": 90,
          "column": 0
        },
        "end": {
          "line": 90,
          "column": 35
        }
      },
      "19": {
        "start": {
          "line": 91,
          "column": 0
        },
        "end": {
          "line": 107,
          "column": 1
        }
      },
      "20": {
        "start": {
          "line": 92,
          "column": 2
        },
        "end": {
          "line": 92,
          "column": 39
        }
      },
      "21": {
        "start": {
          "line": 93,
          "column": 2
        },
        "end": {
          "line": 93,
          "column": 39
        }
      },
      "22": {
        "start": {
          "line": 94,
          "column": 2
        },
        "end": {
          "line": 106,
          "column": 5
        }
      },
      "23": {
        "start": {
          "line": 98,
          "column": 4
        },
        "end": {
          "line": 98,
          "column": 177
        }
      },
      "24": {
        "start": {
          "line": 99,
          "column": 4
        },
        "end": {
          "line": 105,
          "column": 7
        }
      },
      "25": {
        "start": {
          "line": 100,
          "column": 6
        },
        "end": {
          "line": 101,
          "column": 15
        }
      },
      "26": {
        "start": {
          "line": 101,
          "column": 8
        },
        "end": {
          "line": 101,
          "column": 15
        }
      },
      "27": {
        "start": {
          "line": 102,
          "column": 32
        },
        "end": {
          "line": 102,
          "column": 115
        }
      },
      "28": {
        "start": {
          "line": 103,
          "column": 6
        },
        "end": {
          "line": 104,
          "column": 54
        }
      },
      "29": {
        "start": {
          "line": 104,
          "column": 8
        },
        "end": {
          "line": 104,
          "column": 54
        }
      }
    },
    "fnMap": {
      "0": {
        "name": "(anonymous_0)",
        "decl": {
          "start": {
            "line": 11,
            "column": 24
          },
          "end": {
            "line": 11,
            "column": 25
          }
        },
        "loc": {
          "start": {
            "line": 11,
            "column": 38
          },
          "end": {
            "line": 13,
            "column": 3
          }
        },
        "line": 11
      },
      "1": {
        "name": "(anonymous_1)",
        "decl": {
          "start": {
            "line": 19,
            "column": 23
          },
          "end": {
            "line": 19,
            "column": 24
          }
        },
        "loc": {
          "start": {
            "line": 25,
            "column": 6
          },
          "end": {
            "line": 86,
            "column": 1
          }
        },
        "line": 25
      },
      "2": {
        "name": "(anonymous_2)",
        "decl": {
          "start": {
            "line": 26,
            "column": 27
          },
          "end": {
            "line": 26,
            "column": 28
          }
        },
        "loc": {
          "start": {
            "line": 26,
            "column": 44
          },
          "end": {
            "line": 63,
            "column": 3
          }
        },
        "line": 26
      },
      "3": {
        "name": "(anonymous_3)",
        "decl": {
          "start": {
            "line": 27,
            "column": 34
          },
          "end": {
            "line": 27,
            "column": 35
          }
        },
        "loc": {
          "start": {
            "line": 32,
            "column": 10
          },
          "end": {
            "line": 57,
            "column": 5
          }
        },
        "line": 32
      },
      "4": {
        "name": "(anonymous_4)",
        "decl": {
          "start": {
            "line": 33,
            "column": 78
          },
          "end": {
            "line": 33,
            "column": 79
          }
        },
        "loc": {
          "start": {
            "line": 33,
            "column": 84
          },
          "end": {
            "line": 36,
            "column": 7
          }
        },
        "line": 33
      },
      "5": {
        "name": "(anonymous_5)",
        "decl": {
          "start": {
            "line": 97,
            "column": 9
          },
          "end": {
            "line": 97,
            "column": 10
          }
        },
        "loc": {
          "start": {
            "line": 97,
            "column": 29
          },
          "end": {
            "line": 106,
            "column": 3
          }
        },
        "line": 97
      },
      "6": {
        "name": "(anonymous_6)",
        "decl": {
          "start": {
            "line": 99,
            "column": 27
          },
          "end": {
            "line": 99,
            "column": 28
          }
        },
        "loc": {
          "start": {
            "line": 99,
            "column": 44
          },
          "end": {
            "line": 105,
            "column": 5
          }
        },
        "line": 99
      }
    },
    "branchMap": {
      "0": {
        "loc": {
          "start": {
            "line": 5,
            "column": 0
          },
          "end": {
            "line": 15,
            "column": 1
          }
        },
        "type": "if",
        "locations": [
          {
            "start": {
              "line": 5,
              "column": 0
            },
            "end": {
              "line": 15,
              "column": 1
            }
          },
          {
            "start": {},
            "end": {}
          }
        ],
        "line": 5
      },
      "1": {
        "loc": {
          "start": {
            "line": 6,
            "column": 2
          },
          "end": {
            "line": 8,
            "column": 3
          }
        },
        "type": "if",
        "locations": [
          {
            "start": {
              "line": 6,
              "column": 2
            },
            "end": {
              "line": 8,
              "column": 3
            }
          },
          {
            "start": {},
            "end": {}
          }
        ],
        "line": 6
      },
      "2": {
        "loc": {
          "start": {
            "line": 66,
            "column": 4
          },
          "end": {
            "line": 70,
            "column": 12
          }
        },
        "type": "binary-expr",
        "locations": [
          {
            "start": {
              "line": 66,
              "column": 4
            },
            "end": {
              "line": 66,
              "column": 13
            }
          },
          {
            "start": {
              "line": 66,
              "column": 33
            },
            "end": {
              "line": 70,
              "column": 12
            }
          }
        ],
        "line": 66
      },
      "3": {
        "loc": {
          "start": {
            "line": 71,
            "column": 4
          },
          "end": {
            "line": 75,
            "column": 12
          }
        },
        "type": "binary-expr",
        "locations": [
          {
            "start": {
              "line": 71,
              "column": 4
            },
            "end": {
              "line": 71,
              "column": 9
            }
          },
          {
            "start": {
              "line": 71,
              "column": 29
            },
            "end": {
              "line": 75,
              "column": 12
            }
          }
        ],
        "line": 71
      },
      "4": {
        "loc": {
          "start": {
            "line": 91,
            "column": 0
          },
          "end": {
            "line": 107,
            "column": 1
          }
        },
        "type": "if",
        "locations": [
          {
            "start": {
              "line": 91,
              "column": 0
            },
            "end": {
              "line": 107,
              "column": 1
            }
          },
          {
            "start": {},
            "end": {}
          }
        ],
        "line": 91
      },
      "5": {
        "loc": {
          "start": {
            "line": 100,
            "column": 6
          },
          "end": {
            "line": 101,
            "column": 15
          }
        },
        "type": "if",
        "locations": [
          {
            "start": {
              "line": 100,
              "column": 6
            },
            "end": {
              "line": 101,
              "column": 15
            }
          },
          {
            "start": {},
            "end": {}
          }
        ],
        "line": 100
      },
      "6": {
        "loc": {
          "start": {
            "line": 103,
            "column": 6
          },
          "end": {
            "line": 104,
            "column": 54
          }
        },
        "type": "if",
        "locations": [
          {
            "start": {
              "line": 103,
              "column": 6
            },
            "end": {
              "line": 104,
              "column": 54
            }
          },
          {
            "start": {},
            "end": {}
          }
        ],
        "line": 103
      }
    },
    "s": {
      "0": 8,
      "1": 8,
      "2": 0,
      "3": 8,
      "4": 8,
      "5": 8,
      "6": 8,
      "7": 8,
      "8": 8,
      "9": 6,
      "10": 6,
      "11": 150,
      "12": 0,
      "13": 0,
      "14": 6,
      "15": 6,
      "16": 6,
      "17": 8,
      "18": 8,
      "19": 8,
      "20": 8,
      "21": 8,
      "22": 8,
      "23": 5,
      "24": 5,
      "25": 0,
      "26": 0,
      "27": 0,
      "28": 0,
      "29": 0
    },
    "f": {
      "0": 8,
      "1": 6,
      "2": 6,
      "3": 150,
      "4": 0,
      "5": 5,
      "6": 0
    },
    "b": {
      "0": [
        8,
        0
      ],
      "1": [
        0,
        8
      ],
      "2": [
        6,
        0
      ],
      "3": [
        6,
        0
      ],
      "4": [
        8,
        0
      ],
      "5": [
        0,
        0
      ],
      "6": [
        0,
        0
      ]
    },
    "inputSourceMap": {
      "version": 3,
      "mappings": "AAgCU,SAWN,UAXM;AAhCV,OAAOA,oBAAkB;AAAA;AAA8B;AAAA;AAAA;AAAA;AAAA;AAAA;AAAA;AAAA;AAAA;AAAA;AAAA;AAAA;AAAA;AAEvD,OAAOC,aAAa;AAEpB,OAAO;AAUP,MAAMC,iBAAgDA,CAAC;AAAA,EACrDC;AAAAA,EACAC;AAAAA,EACAC;AAAAA,EACAC;AAAAA,EACAC;AACF,MAAM;AACJ,QAAMC,mBAAmBA,CAACL,gBAAyC;AACjE,UAAMM,QAAQN,YAAWO,IAAI,CAAC;AAAA,MAAEC;AAAAA,MAAIC;AAAAA,MAAMC;AAAAA,MAAaC;AAAAA,IAAU,MAAM;AACrE,aACE,uBAAC,QACC,WAAU,cAEV,SAAS,MAAM;AACbR,0BAAkBK,EAAE;AACpBJ,uBAAe,IAAI;AAAA,MACrB,GAEA;AAAA,+BAAC,SAAI,KAAKO,WAAW,KAAKF,QAA1B;AAAA;AAAA;AAAA;AAAA,eAA+B;AAAA,QAC/B,uBAAC,SAAI,WAAU,cAAcA,kBAA7B;AAAA;AAAA;AAAA;AAAA,eAAkC;AAAA,QAClC,uBAAC,SAAI,WAAU,eAAeC,yBAA9B;AAAA;AAAA;AAAA;AAAA,eAA0C;AAAA,WARrCF,IAFP;AAAA;AAAA;AAAA;AAAA,aAWA;AAAA,IAEJ,CAAC;AACD,WAAO,uBAAC,QAAG,WAAU,cAAcF,mBAA5B;AAAA;AAAA;AAAA;AAAA,WAAkC;AAAA,EAC3C;AAEA,QAAMM,iBAAiBP,iBAAiBL,UAAU;AAClD,SACE,mCACGE;AAAAA,iBAAa,uBAAC,aAAD;AAAA;AAAA;AAAA;AAAA,WAAQ;AAAA,IACrBD,SAAS,uBAAC,kBAAD;AAAA;AAAA;AAAA;AAAA,WAAa;AAAA,IACvB,uBAAC,SAAI,WAAU,cAAcW,4BAA7B;AAAA;AAAA;AAAA;AAAA,WAA4C;AAAA,OAH9C;AAAA;AAAA;AAAA;AAAA,SAIA;AAEJ;AAAEC,KAnCId;AAqCN,eAAeA;AAAe;AAAAe",
      "names": [
        "ErrorMessage",
        "Spinner",
        "CharactersList",
        "characters",
        "error",
        "isLoading",
        "setSelectedCharID",
        "setActiveModal",
        "renderCharacters",
        "items",
        "map",
        "id",
        "name",
        "description",
        "thumbnail",
        "charactersList",
        "_c",
        "$RefreshReg$"
      ],
      "sources": [
        "C:/Учеба/RSSchool/REACT/Components/Components/vite-project/src/components/charactersList/CharactersList.tsx"
      ],
      "file": "C:/Учеба/RSSchool/REACT/Components/Components/vite-project/src/components/charactersList/CharactersList.tsx"
    },
    "_coverageSchema": "1a1c01bbd47fc00a2c39e90264f33305004495a9",
    "hash": "54a98cdf280845db9d677544e922ce8d8345a6a4"
  },
  "C:/Учеба/RSSchool/REACT/Components/Components/vite-project/src/reducers/SearchSlice.tsx": {
    "path": "C:/Учеба/RSSchool/REACT/Components/Components/vite-project/src/reducers/SearchSlice.tsx",
    "statementMap": {
      "0": {
        "start": {
          "line": 4,
          "column": 0
        },
        "end": {
          "line": 14,
          "column": 1
        }
      },
      "1": {
        "start": {
          "line": 5,
          "column": 2
        },
        "end": {
          "line": 7,
          "column": 3
        }
      },
      "2": {
        "start": {
          "line": 6,
          "column": 4
        },
        "end": {
          "line": 6,
          "column": 165
        }
      },
      "3": {
        "start": {
          "line": 8,
          "column": 2
        },
        "end": {
          "line": 8,
          "column": 39
        }
      },
      "4": {
        "start": {
          "line": 9,
          "column": 2
        },
        "end": {
          "line": 9,
          "column": 39
        }
      },
      "5": {
        "start": {
          "line": 10,
          "column": 2
        },
        "end": {
          "line": 12,
          "column": 4
        }
      },
      "6": {
        "start": {
          "line": 11,
          "column": 4
        },
        "end": {
          "line": 11,
          "column": 131
        }
      },
      "7": {
        "start": {
          "line": 13,
          "column": 2
        },
        "end": {
          "line": 13,
          "column": 75
        }
      },
      "8": {
        "start": {
          "line": 15,
          "column": 9
        },
        "end": {
          "line": 15,
          "column": 23
        }
      },
      "9": {
        "start": {
          "line": 19,
          "column": 21
        },
        "end": {
          "line": 21,
          "column": 1
        }
      },
      "10": {
        "start": {
          "line": 22,
          "column": 27
        },
        "end": {
          "line": 30,
          "column": 2
        }
      },
      "11": {
        "start": {
          "line": 27,
          "column": 6
        },
        "end": {
          "line": 27,
          "column": 41
        }
      },
      "12": {
        "start": {
          "line": 34,
          "column": 4
        },
        "end": {
          "line": 34,
          "column": 15
        }
      },
      "13": {
        "start": {
          "line": 35,
          "column": 30
        },
        "end": {
          "line": 38,
          "column": 1
        }
      },
      "14": {
        "start": {
          "line": 36,
          "column": 2
        },
        "end": {
          "line": 36,
          "column": 7
        }
      },
      "15": {
        "start": {
          "line": 37,
          "column": 2
        },
        "end": {
          "line": 37,
          "column": 23
        }
      },
      "16": {
        "start": {
          "line": 39,
          "column": 0
        },
        "end": {
          "line": 41,
          "column": 3
        }
      },
      "17": {
        "start": {
          "line": 40,
          "column": 2
        },
        "end": {
          "line": 40,
          "column": 23
        }
      },
      "18": {
        "start": {
          "line": 42,
          "column": 30
        },
        "end": {
          "line": 42,
          "column": 41
        }
      },
      "19": {
        "start": {
          "line": 44,
          "column": 0
        },
        "end": {
          "line": 60,
          "column": 1
        }
      },
      "20": {
        "start": {
          "line": 45,
          "column": 2
        },
        "end": {
          "line": 45,
          "column": 39
        }
      },
      "21": {
        "start": {
          "line": 46,
          "column": 2
        },
        "end": {
          "line": 46,
          "column": 39
        }
      },
      "22": {
        "start": {
          "line": 47,
          "column": 2
        },
        "end": {
          "line": 59,
          "column": 5
        }
      },
      "23": {
        "start": {
          "line": 51,
          "column": 4
        },
        "end": {
          "line": 51,
          "column": 157
        }
      },
      "24": {
        "start": {
          "line": 52,
          "column": 4
        },
        "end": {
          "line": 58,
          "column": 7
        }
      },
      "25": {
        "start": {
          "line": 53,
          "column": 6
        },
        "end": {
          "line": 54,
          "column": 15
        }
      },
      "26": {
        "start": {
          "line": 54,
          "column": 8
        },
        "end": {
          "line": 54,
          "column": 15
        }
      },
      "27": {
        "start": {
          "line": 55,
          "column": 32
        },
        "end": {
          "line": 55,
          "column": 115
        }
      },
      "28": {
        "start": {
          "line": 56,
          "column": 6
        },
        "end": {
          "line": 57,
          "column": 54
        }
      },
      "29": {
        "start": {
          "line": 57,
          "column": 8
        },
        "end": {
          "line": 57,
          "column": 54
        }
      }
    },
    "fnMap": {
      "0": {
        "name": "(anonymous_0)",
        "decl": {
          "start": {
            "line": 10,
            "column": 24
          },
          "end": {
            "line": 10,
            "column": 25
          }
        },
        "loc": {
          "start": {
            "line": 10,
            "column": 38
          },
          "end": {
            "line": 12,
            "column": 3
          }
        },
        "line": 10
      },
      "1": {
[...]
      "names": [
        "useForm",
        "Form",
        "FormCheckboxInput",
        "FormDateInput",
        "FormFileInput",
        "FormRadioInput",
        "FormSelectInput",
        "FormTextInput",
        "useState",
        "ValidCard",
        "useAppDispatch",
        "useAppSelector",
        "actions",
        "Message",
        "fontSize",
        "_c",
        "FormPage",
        "_s",
        "isSuccess",
        "setIsSuccess",
        "dispatch",
        "forms",
        "state",
        "register",
        "handleSubmit",
        "reset",
        "formState",
        "errors",
        "isValid",
        "mode",
        "reValidateMode",
        "onSubmit",
        "name",
        "gender",
        "country",
        "accept",
        "birthday",
        "img",
        "validInputData",
        "URL",
        "createObjectURL",
        "saveFormCard",
        "setTimeout",
        "map",
        "object",
        "ind",
        "_c2",
        "$RefreshReg$"
      ],
      "sources": [
        "C:/Учеба/RSSchool/REACT/Components/Components/vite-project/src/components/pages/FormPage.tsx"
      ],
      "file": "C:/Учеба/RSSchool/REACT/Components/Components/vite-project/src/components/pages/FormPage.tsx"
    },
    "_coverageSchema": "1a1c01bbd47fc00a2c39e90264f33305004495a9",
    "hash": "04851a8b2b3a6ba9d23405daff7017cd14add501"
  },
  "C:/Учеба/RSSchool/REACT/Components/Components/vite-project/src/components/pages/index.tsx": {
    "path": "C:/Учеба/RSSchool/REACT/Components/Components/vite-project/src/components/pages/index.tsx",
    "statementMap": {},
    "fnMap": {},
    "branchMap": {},
    "s": {},
    "f": {},
    "b": {},
    "inputSourceMap": {
      "version": 3,
      "mappings": "AAAA,OAAOA,UAAU;AACjB,OAAOC,UAAU;AACjB,OAAOC,cAAc;AACrB,OAAOC,cAAc;AAErB,SAASH,MAAMC,MAAMC,UAAUC",
      "names": [
        "Home",
        "Main",
        "NotFound",
        "FormPage"
      ],
      "sources": [
        "C:/Учеба/RSSchool/REACT/Components/Components/vite-project/src/components/pages/index.tsx"
      ],
      "file": "C:/Учеба/RSSchool/REACT/Components/Components/vite-project/src/components/pages/index.tsx"
    },
    "_coverageSchema": "1a1c01bbd47fc00a2c39e90264f33305004495a9",
    "hash": "a748446e341264e495a521316d99696084db7f63"
  },
  "C:/Учеба/RSSchool/REACT/Components/Components/vite-project/src/components/app/App.tsx": {
    "path": "C:/Учеба/RSSchool/REACT/Components/Components/vite-project/src/components/app/App.tsx",
    "statementMap": {
      "0": {
        "start": {
          "line": 5,
          "column": 0
        },
        "end": {
          "line": 15,
          "column": 1
        }
      },
      "1": {
        "start": {
          "line": 6,
          "column": 2
        },
        "end": {
          "line": 8,
          "column": 3
        }
      },
      "2": {
        "start": {
          "line": 7,
          "column": 4
        },
        "end": {
          "line": 7,
          "column": 165
        }
      },
      "3": {
        "start": {
          "line": 9,
          "column": 2
        },
        "end": {
          "line": 9,
          "column": 39
        }
      },
      "4": {
        "start": {
          "line": 10,
          "column": 2
        },
        "end": {
          "line": 10,
          "column": 39
        }
      },
      "5": {
        "start": {
          "line": 11,
          "column": 2
        },
        "end": {
          "line": 13,
          "column": 4
        }
      },
      "6": {
        "start": {
          "line": 12,
          "column": 4
        },
        "end": {
          "line": 12,
          "column": 129
        }
      },
      "7": {
        "start": {
          "line": 14,
          "column": 2
        },
        "end": {
          "line": 14,
          "column": 75
        }
      },
      "8": {
        "start": {
          "line": 21,
          "column": 12
        },
        "end": {
          "line": 83,
          "column": 1
        }
      },
      "9": {
        "start": {
          "line": 22,
          "column": 2
        },
        "end": {
          "line": 82,
          "column": 11
        }
      },
      "10": {
        "start": {
          "line": 84,
          "column": 0
        },
        "end": {
          "line": 84,
          "column": 9
        }
      },
      "11": {
        "start": {
          "line": 87,
          "column": 0
        },
        "end": {
          "line": 87,
          "column": 24
        }
      },
      "12": {
        "start": {
          "line": 88,
          "column": 0
        },
        "end": {
          "line": 104,
          "column": 1
        }
      },
      "13": {
        "start": {
          "line": 89,
          "column": 2
        },
        "end": {
          "line": 89,
          "column": 39
        }
      },
      "14": {
        "start": {
          "line": 90,
          "column": 2
        },
        "end": {
          "line": 90,
          "column": 39
        }
      },
      "15": {
        "start": {
          "line": 91,
          "column": 2
        },
        "end": {
          "line": 103,
          "column": 5
        }
      },
      "16": {
        "start": {
          "line": 95,
          "column": 4
        },
        "end": {
          "line": 95,
          "column": 155
        }
      },
      "17": {
        "start": {
          "line": 96,
          "column": 4
        },
        "end": {
          "line": 102,
          "column": 7
        }
      },
      "18": {
        "start": {
          "line": 97,
          "column": 6
        },
        "end": {
          "line": 98,
          "column": 15
        }
      },
      "19": {
        "start": {
          "line": 98,
          "column": 8
        },
        "end": {
          "line": 98,
          "column": 15
        }
      },
      "20": {
        "start": {
          "line": 99,
          "column": 32
        },
        "end": {
          "line": 99,
          "column": 115
        }
      },
      "21": {
        "start": {
          "line": 100,
          "column": 6
        },
        "end": {
          "line": 101,
          "column": 54
        }
      },
      "22": {
        "start": {
          "line": 101,
          "column": 8
        },
        "end": {
          "line": 101,
          "column": 54
        }
      }
    },
    "fnMap": {
      "0": {
        "name": "(anonymous_0)",
        "decl": {
          "start": {
            "line": 11,
            "column": 24
          },
          "end": {
            "line": 11,
            "column": 25
          }
        },
        "loc": {
          "start": {
            "line": 11,
            "column": 38
          },
          "end": {
            "line": 13,
            "column": 3
          }
        },
        "line": 11
      },
      "1": {
        "name": "(anonymous_1)",
        "decl": {
          "start": {
            "line": 21,
            "column": 12
          },
          "end": {
            "line": 21,
            "column": 13
          }
        },
        "loc": {
          "start": {
            "line": 21,
            "column": 18
          },
          "end": {
            "line": 83,
            "column": 1
          }
        },
        "line": 21
      },
      "2": {
        "name": "(anonymous_2)",
        "decl": {
          "start": {
            "line": 94,
            "column": 9
          },
          "end": {
            "line": 94,
            "column": 10
          }
        },
        "loc": {
          "start": {
            "line": 94,
            "column": 29
          },
          "end": {
            "line": 103,
            "column": 3
          }
        },
        "line": 94
      },
      "3": {
        "name": "(anonymous_3)",
        "decl": {
          "start": {
            "line": 96,
            "column": 27
          },
          "end": {
            "line": 96,
            "column": 28
          }
        },
        "loc": {
          "start": {
            "line": 96,
            "column": 44
          },
          "end": {
            "line": 102,
            "column": 5
          }
        },
        "line": 96
      }
    },
    "branchMap": {
      "0": {
        "loc": {
          "start": {
            "line": 5,
            "column": 0
          },
          "end": {
            "line": 15,
            "column": 1
          }
        },
        "type": "if",
        "locations": [
          {
            "start": {
              "line": 5,
              "column": 0
            },
            "end": {
              "line": 15,
              "column": 1
            }
          },
          {
            "start": {},
            "end": {}
          }
        ],
        "line": 5
      },
      "1": {
        "loc": {
          "start": {
            "line": 6,
            "column": 2
          },
          "end": {
            "line": 8,
            "column": 3
          }
        },
        "type": "if",
        "locations": [
          {
            "start": {
              "line": 6,
              "column": 2
            },
            "end": {
              "line": 8,
              "column": 3
            }
          },
          {
            "start": {},
            "end": {}
          }
        ],
        "line": 6
      },
      "2": {
        "loc": {
          "start": {
            "line": 88,
            "column": 0
          },
          "end": {
            "line": 104,
            "column": 1
          }
        },
        "type": "if",
        "locations": [
          {
            "start": {
              "line": 88,
              "column": 0
            },
            "end": {
              "line": 104,
              "column": 1
            }
          },
          {
            "start": {},
            "end": {}
          }
        ],
        "line": 88
      },
      "3": {
        "loc": {
          "start": {
            "line": 97,
            "column": 6
          },
          "end": {
            "line": 98,
            "column": 15
          }
        },
        "type": "if",
        "locations": [
          {
            "start": {
              "line": 97,
              "column": 6
            },
            "end": {
              "line": 98,
              "column": 15
            }
          },
          {
            "start": {},
            "end": {}
          }
        ],
        "line": 97
      },
      "4": {
        "loc": {
          "start": {
            "line": 100,
            "column": 6
          },
          "end": {
            "line": 101,
            "column": 54
          }
        },
        "type": "if",
        "locations": [
          {
            "start": {
              "line": 100,
              "column": 6
            },
            "end": {
              "line": 101,
              "column": 54
            }
          },
          {
            "start": {},
            "end": {}
          }
        ],
        "line": 100
      }
    },
    "s": {
      "0": 8,
      "1": 8,
      "2": 0,
      "3": 8,
      "4": 8,
      "5": 8,
      "6": 8,
      "7": 8,
      "8": 8,
      "9": 16,
      "10": 8,
      "11": 8,
      "12": 8,
      "13": 8,
      "14": 8,
      "15": 8,
      "16": 4,
      "17": 4,
      "18": 0,
      "19": 0,
      "20": 0,
      "21": 0,
      "22": 0
    },
    "f": {
      "0": 8,
      "1": 16,
      "2": 4,
      "3": 0
    },
    "b": {
      "0": [
        8,
        0
      ],
      "1": [
        0,
        8
      ],
      "2": [
        8,
        0
      ],
      "3": [
        0,
        0
      ],
      "4": [
        0,
        0
      ]
    },
    "inputSourceMap": {
      "version": 3,
      "mappings": "AAUQ;AAVR,2BAAsB;AAAQ,IAAkB;AAAA;AAAA;AAAA;AAAA;AAAA;AAAA;AAAA;AAAA;AAAA;AAAA;AAAA;AAAA;AAAA;AAChD,OAAOA,eAAe;AACtB,OAAOC,mBAAmB;AAC1B,SAASC,UAAUC,MAAMC,MAAMC,gBAAgB;AAC/C,OAAO;AAEP,MAAMC,MAAMA,MAAM;AAChB,SACE,uBAAC,iBACC,iCAAC,SAAI,WAAU,OACb;AAAA,2BAAC,eAAD;AAAA;AAAA;AAAA;AAAA,WAAU;AAAA,IACV,uBAAC,UACC,iCAAC,UACC;AAAA,6BAAC,SAAM,MAAK,KAAI,SAAS,uBAAC,UAAD;AAAA;AAAA;AAAA;AAAA,aAAK,KAA9B;AAAA;AAAA;AAAA;AAAA,aAAkC;AAAA,MAClC,uBAAC,SAAM,MAAK,SAAQ,SAAS,uBAAC,UAAD;AAAA;AAAA;AAAA;AAAA,aAAK,KAAlC;AAAA;AAAA;AAAA;AAAA,aAAsC;AAAA,MACtC,uBAAC,SAAM,MAAK,KAAI,SAAS,uBAAC,cAAD;AAAA;AAAA;AAAA;AAAA,aAAS,KAAlC;AAAA;AAAA;AAAA;AAAA,aAAsC;AAAA,MACtC,uBAAC,SAAM,MAAK,SAAQ,SAAS,uBAAC,cAAD;AAAA;AAAA;AAAA;AAAA,aAAS,KAAtC;AAAA;AAAA;AAAA;AAAA,aAA0C;AAAA,SAJ5C;AAAA;AAAA;AAAA;AAAA,WAKA,KANF;AAAA;AAAA;AAAA;AAAA,WAOA;AAAA,OATF;AAAA;AAAA;AAAA;AAAA,SAUA,KAXF;AAAA;AAAA;AAAA;AAAA,SAYA;AAEJ;AAAEC,KAhBID;AAkBN,eAAeA;AAAI;AAAAE",
      "names": [
        "AppHeader",
        "ErrorBoundary",
        "FormPage",
        "Home",
        "Main",
        "NotFound",
        "App",
        "_c",
        "$RefreshReg$"
      ],
      "sources": [
        "C:/Учеба/RSSchool/REACT/Components/Components/vite-project/src/components/app/App.tsx"
      ],
      "file": "C:/Учеба/RSSchool/REACT/Components/Components/vite-project/src/components/app/App.tsx"
    },
    "_coverageSchema": "1a1c01bbd47fc00a2c39e90264f33305004495a9",
    "hash": "618b516045ef5943711b4e3c1a036f952210b4ce"
  },
  "C:/Учеба/RSSchool/REACT/Components/Components/vite-project/src/store/store.tsx": {
    "path": "C:/Учеба/RSSchool/REACT/Components/Components/vite-project/src/store/store.tsx",
    "statementMap": {
      "0": {
        "start": {
          "line": 5,
          "column": 27
        },
        "end": {
          "line": 9,
          "column": 2
        }
      },
      "1": {
        "start": {
          "line": 10,
          "column": 25
        },
        "end": {
          "line": 15,
          "column": 2
        }
      },
      "2": {
        "start": {
          "line": 10,
          "column": 45
        },
        "end": {
          "line": 15,
          "column": 2
        }
      },
      "3": {
        "start": {
          "line": 12,
          "column": 40
        },
        "end": {
          "line": 12,
          "column": 95
        }
      }
    },
    "fnMap": {
      "0": {
        "name": "(anonymous_0)",
        "decl": {
          "start": {
            "line": 10,
            "column": 25
          },
          "end": {
            "line": 10,
            "column": 26
          }
        },
        "loc": {
          "start": {
            "line": 10,
            "column": 45
          },
          "end": {
            "line": 15,
            "column": 2
          }
        },
        "line": 10
      },
      "1": {
        "name": "(anonymous_1)",
        "decl": {
          "start": {
            "line": 12,
            "column": 14
          },
          "end": {
            "line": 12,
            "column": 15
          }
        },
        "loc": {
          "start": {
            "line": 12,
            "column": 40
          },
          "end": {
            "line": 12,
            "column": 95
          }
        },
        "line": 12
      }
    },
    "branchMap": {},
    "s": {
      "0": 8,
      "1": 8,
      "2": 8,
      "3": 8
    },
    "f": {
      "0": 8,
      "1": 8
    },
    "b": {},
    "inputSourceMap": {
      "version": 3,
      "mappings": "AAAA,SAASA,iBAAiBC,sBAAsB;AAChD,SAASC,qBAAqB;AAC9B,OAAOC,YAAY;AACnB,OAAOC,WAAW;AAEX,aAAMC,cAAcL,gBAAgB;AAAA,EACzC,CAACE,cAAcI,WAAW,GAAGJ,cAAcK;AAAAA,EAC3CJ;AAAAA,EACAC;AACF,CAAC;AAEM,aAAMI,YAAYA,CAACC,mBACxBR,eAAe;AAAA,EACbM,SAASF;AAAAA,EACTK,YAAaC,0BAAyBA,qBAAqB,EAAEC,OAAOV,cAAcQ,UAAU;AAAA,EAC5FD;AAAAA,EACAI,UAAUC,QAAQC,IAAIC,aAAa;AACrC,CAAC;AAMH,eAAeR",
      "names": [
        "combineReducers",
        "configureStore",
        "marvelService",
        "search",
        "forms",
        "rootReducer",
        "reducerPath",
        "reducer",
        "initStore",
        "preloadedState",
        "middleware",
        "getDefaultMiddleware",
        "concat",
        "devTools",
        "process",
        "env",
        "NODE_ENV"
      ],
      "sources": [
        "C:/Учеба/RSSchool/REACT/Components/Components/vite-project/src/store/store.tsx"
      ],
      "file": "C:/Учеба/RSSchool/REACT/Components/Components/vite-project/src/store/store.tsx"
    },
    "_coverageSchema": "1a1c01bbd47fc00a2c39e90264f33305004495a9",
    "hash": "e52fafe2c6675918ac36eaab0c138fc319ee1a4e"
  },
  "C:/Учеба/RSSchool/REACT/Components/Components/vite-project/src/entry-client.tsx": {
    "path": "C:/Учеба/RSSchool/REACT/Components/Components/vite-project/src/entry-client.tsx",
    "statementMap": {
      "0": {
        "start": {
          "line": 10,
          "column": 14
        },
        "end": {
          "line": 10,
          "column": 51
        }
      },
      "1": {
        "start": {
          "line": 11,
          "column": 0
        },
        "end": {
          "line": 27,
          "column": 10
        }
      },
      "2": {
        "start": {
          "line": 28,
          "column": 0
        },
        "end": {
          "line": 28,
          "column": 34
        }
      }
    },
    "fnMap": {},
    "branchMap": {},
    "s": {
      "0": 8,
      "1": 8,
      "2": 8
    },
    "f": {},
    "b": {},
    "inputSourceMap": {
      "version": 3,
      "mappings": "AAuBQ;AAvBR,OAAOA,WAAW;AAClB,OAAOC,cAAc;AACrB,SAASC,qBAAqB;AAC9B,SAASC,gBAAgB;AACzB,OAAOC,SAAS;AAEhB,OAAO;AACP,OAAO;AACP,OAAOC,eAA8B;AAQrC,MAAMC,QAAQD,UAAUE,OAAOC,mBAAmB;AAElDP,SAASQ,YACPC,SAASC,eAAe,MAAM,GAC9B,uBAAC,MAAM,YAAN,EACC,iCAAC,iBACC,iCAAC,YAAS,OACR,iCAAC,SAAD;AAAA;AAAA;AAAA;AAAA,OAAI,KADN;AAAA;AAAA;AAAA;AAAA,OAEA,KAHF;AAAA;AAAA;AAAA;AAAA,OAIA,KALF;AAAA;AAAA;AAAA;AAAA,OAMA,CACF;AACA,OAAOJ,OAAOC",
      "names": [
        "React",
        "ReactDOM",
        "BrowserRouter",
        "Provider",
        "App",
        "initStore",
        "store",
        "window",
        "__PRELOADED_STATE__",
        "hydrateRoot",
        "document",
        "getElementById"
      ],
      "sources": [
        "C:/Учеба/RSSchool/REACT/Components/Components/vite-project/src/entry-client.tsx"
      ],
      "file": "C:/Учеба/RSSchool/REACT/Components/Components/vite-project/src/entry-client.tsx"
    },
    "_coverageSchema": "1a1c01bbd47fc00a2c39e90264f33305004495a9",
    "hash": "582459d8c0b88c91e69f8e758b7649c3e8eb603e"
  }
}